[Thu Jun 24 11:34:55.943501 2021] [ssl:warn] [pid 5436:tid 620] AH01909: www.example.com:443:0 server certificate does NOT include an ID which matches the server name
[Thu Jun 24 11:34:56.068591 2021] [ssl:warn] [pid 5436:tid 620] AH01909: www.example.com:443:0 server certificate does NOT include an ID which matches the server name
[Thu Jun 24 11:34:56.099809 2021] [mpm_winnt:notice] [pid 5436:tid 620] AH00455: Apache/2.4.47 (Win64) OpenSSL/1.1.1k PHP/7.3.28 configured -- resuming normal operations
[Thu Jun 24 11:34:56.099809 2021] [mpm_winnt:notice] [pid 5436:tid 620] AH00456: Apache Lounge VC15 Server built: Apr 27 2021 10:59:41
[Thu Jun 24 11:34:56.099809 2021] [core:notice] [pid 5436:tid 620] AH00094: Command line: 'C:\\xampp\\apache\\bin\\httpd.exe -d C:/xampp/apache'
[Thu Jun 24 11:34:56.209231 2021] [mpm_winnt:notice] [pid 5436:tid 620] AH00418: Parent: Created child process 4312
[Thu Jun 24 11:34:56.990773 2021] [ssl:warn] [pid 4312:tid 632] AH01909: www.example.com:443:0 server certificate does NOT include an ID which matches the server name
[Thu Jun 24 11:34:57.115832 2021] [ssl:warn] [pid 4312:tid 632] AH01909: www.example.com:443:0 server certificate does NOT include an ID which matches the server name
[Thu Jun 24 11:34:57.147077 2021] [mpm_winnt:notice] [pid 4312:tid 632] AH00354: Child: Starting 150 worker threads.
[Thu Jun 24 11:37:53.155869 2021] [ssl:warn] [pid 6700:tid 632] AH01909: www.example.com:443:0 server certificate does NOT include an ID which matches the server name
[Thu Jun 24 11:37:53.233994 2021] [ssl:warn] [pid 6700:tid 632] AH01909: www.example.com:443:0 server certificate does NOT include an ID which matches the server name
[Thu Jun 24 11:37:53.265243 2021] [mpm_winnt:notice] [pid 6700:tid 632] AH00455: Apache/2.4.47 (Win64) OpenSSL/1.1.1k PHP/7.3.28 configured -- resuming normal operations
[Thu Jun 24 11:37:53.265243 2021] [mpm_winnt:notice] [pid 6700:tid 632] AH00456: Apache Lounge VC15 Server built: Apr 27 2021 10:59:41
[Thu Jun 24 11:37:53.265243 2021] [core:notice] [pid 6700:tid 632] AH00094: Command line: 'c:\\xampp\\apache\\bin\\httpd.exe -d C:/xampp/apache'
[Thu Jun 24 11:37:53.312119 2021] [mpm_winnt:notice] [pid 6700:tid 632] AH00418: Parent: Created child process 3356
[Thu Jun 24 11:37:53.812126 2021] [ssl:warn] [pid 3356:tid 640] AH01909: www.example.com:443:0 server certificate does NOT include an ID which matches the server name
[Thu Jun 24 11:37:53.874622 2021] [ssl:warn] [pid 3356:tid 640] AH01909: www.example.com:443:0 server certificate does NOT include an ID which matches the server name
[Thu Jun 24 11:37:53.905871 2021] [mpm_winnt:notice] [pid 3356:tid 640] AH00354: Child: Starting 150 worker threads.
[Thu Jun 24 13:20:14.284114 2021] [ssl:warn] [pid 7076:tid 632] AH01909: www.example.com:443:0 server certificate does NOT include an ID which matches the server name
[Thu Jun 24 13:20:14.362243 2021] [core:warn] [pid 7076:tid 632] AH00098: pid file C:/xampp/apache/logs/httpd.pid overwritten -- Unclean shutdown of previous Apache run?
[Thu Jun 24 13:20:14.362243 2021] [ssl:warn] [pid 7076:tid 632] AH01909: www.example.com:443:0 server certificate does NOT include an ID which matches the server name
[Thu Jun 24 13:20:14.471613 2021] [mpm_winnt:notice] [pid 7076:tid 632] AH00455: Apache/2.4.47 (Win64) OpenSSL/1.1.1k PHP/7.3.28 configured -- resuming normal operations
[Thu Jun 24 13:20:14.471613 2021] [mpm_winnt:notice] [pid 7076:tid 632] AH00456: Apache Lounge VC15 Server built: Apr 27 2021 10:59:41
[Thu Jun 24 13:20:14.471613 2021] [core:notice] [pid 7076:tid 632] AH00094: Command line: 'c:\\xampp\\apache\\bin\\httpd.exe -d C:/xampp/apache'
[Thu Jun 24 13:20:14.502864 2021] [mpm_winnt:notice] [pid 7076:tid 632] AH00418: Parent: Created child process 7600
[Thu Jun 24 13:20:15.065366 2021] [ssl:warn] [pid 7600:tid 640] AH01909: www.example.com:443:0 server certificate does NOT include an ID which matches the server name
[Thu Jun 24 13:20:15.127865 2021] [ssl:warn] [pid 7600:tid 640] AH01909: www.example.com:443:0 server certificate does NOT include an ID which matches the server name
[Thu Jun 24 13:20:15.159115 2021] [mpm_winnt:notice] [pid 7600:tid 640] AH00354: Child: Starting 150 worker threads.
[Thu Jun 24 13:29:45.565258 2021] [ssl:warn] [pid 8156:tid 632] AH01909: www.example.com:443:0 server certificate does NOT include an ID which matches the server name
[Thu Jun 24 13:29:45.643408 2021] [core:warn] [pid 8156:tid 632] AH00098: pid file C:/xampp/apache/logs/httpd.pid overwritten -- Unclean shutdown of previous Apache run?
[Thu Jun 24 13:29:45.659008 2021] [ssl:warn] [pid 8156:tid 632] AH01909: www.example.com:443:0 server certificate does NOT include an ID which matches the server name
[Thu Jun 24 13:29:45.690255 2021] [mpm_winnt:notice] [pid 8156:tid 632] AH00455: Apache/2.4.47 (Win64) OpenSSL/1.1.1k PHP/7.3.28 configured -- resuming normal operations
[Thu Jun 24 13:29:45.690255 2021] [mpm_winnt:notice] [pid 8156:tid 632] AH00456: Apache Lounge VC15 Server built: Apr 27 2021 10:59:41
[Thu Jun 24 13:29:45.690255 2021] [core:notice] [pid 8156:tid 632] AH00094: Command line: 'c:\\xampp\\apache\\bin\\httpd.exe -d C:/xampp/apache'
[Thu Jun 24 13:29:45.737133 2021] [mpm_winnt:notice] [pid 8156:tid 632] AH00418: Parent: Created child process 3444
[Thu Jun 24 13:29:46.221516 2021] [ssl:warn] [pid 3444:tid 640] AH01909: www.example.com:443:0 server certificate does NOT include an ID which matches the server name
[Thu Jun 24 13:29:46.315281 2021] [ssl:warn] [pid 3444:tid 640] AH01909: www.example.com:443:0 server certificate does NOT include an ID which matches the server name
[Thu Jun 24 13:29:46.346506 2021] [mpm_winnt:notice] [pid 3444:tid 640] AH00354: Child: Starting 150 worker threads.
[Thu Jun 24 13:29:50.628113 2021] [authz_core:error] [pid 3444:tid 1928] [client ::1:50836] AH01630: client denied by server configuration: C:/xampp/htdocs/inventaris/public/.env
[Thu Jun 24 13:39:34.711344 2021] [ssl:warn] [pid 6716:tid 632] AH01909: www.example.com:443:0 server certificate does NOT include an ID which matches the server name
[Thu Jun 24 13:39:34.820718 2021] [core:warn] [pid 6716:tid 632] AH00098: pid file C:/xampp/apache/logs/httpd.pid overwritten -- Unclean shutdown of previous Apache run?
[Thu Jun 24 13:39:34.836344 2021] [ssl:warn] [pid 6716:tid 632] AH01909: www.example.com:443:0 server certificate does NOT include an ID which matches the server name
[Thu Jun 24 13:39:34.851968 2021] [mpm_winnt:notice] [pid 6716:tid 632] AH00455: Apache/2.4.47 (Win64) OpenSSL/1.1.1k PHP/7.3.28 configured -- resuming normal operations
[Thu Jun 24 13:39:34.851968 2021] [mpm_winnt:notice] [pid 6716:tid 632] AH00456: Apache Lounge VC15 Server built: Apr 27 2021 10:59:41
[Thu Jun 24 13:39:34.851968 2021] [core:notice] [pid 6716:tid 632] AH00094: Command line: 'c:\\xampp\\apache\\bin\\httpd.exe -d C:/xampp/apache'
[Thu Jun 24 13:39:34.977170 2021] [mpm_winnt:notice] [pid 6716:tid 632] AH00418: Parent: Created child process 4224
[Thu Jun 24 13:39:35.539631 2021] [ssl:warn] [pid 4224:tid 640] AH01909: www.example.com:443:0 server certificate does NOT include an ID which matches the server name
[Thu Jun 24 13:39:35.695707 2021] [ssl:warn] [pid 4224:tid 640] AH01909: www.example.com:443:0 server certificate does NOT include an ID which matches the server name
[Thu Jun 24 13:39:35.726958 2021] [mpm_winnt:notice] [pid 4224:tid 640] AH00354: Child: Starting 150 worker threads.
[Thu Jun 24 13:45:19.067069 2021] [authz_core:error] [pid 4224:tid 1928] [client 10.30.3.1:59030] AH01630: client denied by server configuration: C:/xampp/htdocs/inventaris/public/.env
[Thu Jun 24 13:45:35.003789 2021] [authz_core:error] [pid 4224:tid 1932] [client 10.30.3.1:59035] AH01630: client denied by server configuration: C:/xampp/htdocs/inventaris/public/.env
[Thu Jun 24 13:45:51.596942 2021] [authz_core:error] [pid 4224:tid 1932] [client fe80::9120:2bdc:fe9c:6101:53272] AH01630: client denied by server configuration: C:/xampp/htdocs/inventaris/public/.env
[Thu Jun 24 13:46:00.253425 2021] [authz_core:error] [pid 4224:tid 1932] [client 127.0.0.1:64740] AH01630: client denied by server configuration: C:/xampp/htdocs/inventaris/public/.env
libpng warning: iCCP: known incorrect sRGB profile
libpng warning: iCCP: known incorrect sRGB profile
libpng warning: iCCP: known incorrect sRGB profile
libpng warning: iCCP: cHRM chunk does not match sRGB
libpng warning: iCCP: known incorrect sRGB profile
libpng warning: iCCP: known incorrect sRGB profile
libpng warning: iCCP: known incorrect sRGB profile
libpng warning: iCCP: cHRM chunk does not match sRGB
libpng warning: iCCP: known incorrect sRGB profile
libpng warning: iCCP: cHRM chunk does not match sRGB
libpng warning: iCCP: known incorrect sRGB profile
libpng warning: iCCP: cHRM chunk does not match sRGB
libpng warning: iCCP: known incorrect sRGB profile
libpng warning: iCCP: cHRM chunk does not match sRGB
libpng warning: iCCP: known incorrect sRGB profile
libpng warning: iCCP: known incorrect sRGB profile
[Thu Jun 24 14:36:56.971165 2021] [cgi:error] [pid 4224:tid 1916] [client ::1:50281] AH02811: script not found or unable to stat: C:/xampp/htdocs/snipe-it, referer: http://localhost/admin
libpng warning: iCCP: known incorrect sRGB profile
libpng warning: iCCP: known incorrect sRGB profile
libpng warning: iCCP: known incorrect sRGB profile
libpng warning: iCCP: cHRM chunk does not match sRGB
[Thu Jun 24 16:10:26.895927 2021] [ssl:warn] [pid 8736:tid 632] AH01909: www.example.com:443:0 server certificate does NOT include an ID which matches the server name
[Thu Jun 24 16:10:26.974042 2021] [core:warn] [pid 8736:tid 632] AH00098: pid file C:/xampp/apache/logs/httpd.pid overwritten -- Unclean shutdown of previous Apache run?
[Thu Jun 24 16:10:26.989682 2021] [ssl:warn] [pid 8736:tid 632] AH01909: www.example.com:443:0 server certificate does NOT include an ID which matches the server name
[Thu Jun 24 16:10:27.020919 2021] [mpm_winnt:notice] [pid 8736:tid 632] AH00455: Apache/2.4.47 (Win64) OpenSSL/1.1.1k PHP/7.3.28 configured -- resuming normal operations
[Thu Jun 24 16:10:27.020919 2021] [mpm_winnt:notice] [pid 8736:tid 632] AH00456: Apache Lounge VC15 Server built: Apr 27 2021 10:59:41
[Thu Jun 24 16:10:27.020919 2021] [core:notice] [pid 8736:tid 632] AH00094: Command line: 'c:\\xampp\\apache\\bin\\httpd.exe -d C:/xampp/apache'
[Thu Jun 24 16:10:27.067792 2021] [mpm_winnt:notice] [pid 8736:tid 632] AH00418: Parent: Created child process 8936
[Thu Jun 24 16:10:27.536539 2021] [ssl:warn] [pid 8936:tid 640] AH01909: www.example.com:443:0 server certificate does NOT include an ID which matches the server name
[Thu Jun 24 16:10:27.599046 2021] [ssl:warn] [pid 8936:tid 640] AH01909: www.example.com:443:0 server certificate does NOT include an ID which matches the server name
[Thu Jun 24 16:10:27.630292 2021] [mpm_winnt:notice] [pid 8936:tid 640] AH00354: Child: Starting 150 worker threads.
[Thu Jun 24 16:11:43.455187 2021] [ssl:warn] [pid 8292:tid 632] AH01909: www.example.com:443:0 server certificate does NOT include an ID which matches the server name
[Thu Jun 24 16:11:43.533313 2021] [core:warn] [pid 8292:tid 632] AH00098: pid file C:/xampp/apache/logs/httpd.pid overwritten -- Unclean shutdown of previous Apache run?
[Thu Jun 24 16:11:43.533313 2021] [ssl:warn] [pid 8292:tid 632] AH01909: www.example.com:443:0 server certificate does NOT include an ID which matches the server name
[Thu Jun 24 16:11:43.595812 2021] [mpm_winnt:notice] [pid 8292:tid 632] AH00455: Apache/2.4.47 (Win64) OpenSSL/1.1.1k PHP/7.3.28 configured -- resuming normal operations
[Thu Jun 24 16:11:43.595812 2021] [mpm_winnt:notice] [pid 8292:tid 632] AH00456: Apache Lounge VC15 Server built: Apr 27 2021 10:59:41
[Thu Jun 24 16:11:43.595812 2021] [core:notice] [pid 8292:tid 632] AH00094: Command line: 'c:\\xampp\\apache\\bin\\httpd.exe -d C:/xampp/apache'
[Thu Jun 24 16:11:43.642687 2021] [mpm_winnt:notice] [pid 8292:tid 632] AH00418: Parent: Created child process 3680
[Thu Jun 24 16:11:44.080189 2021] [ssl:warn] [pid 3680:tid 640] AH01909: www.example.com:443:0 server certificate does NOT include an ID which matches the server name
[Thu Jun 24 16:11:44.158314 2021] [ssl:warn] [pid 3680:tid 640] AH01909: www.example.com:443:0 server certificate does NOT include an ID which matches the server name
[Thu Jun 24 16:11:44.189561 2021] [mpm_winnt:notice] [pid 3680:tid 640] AH00354: Child: Starting 150 worker threads.
[Thu Jun 24 16:13:31.546430 2021] [ssl:warn] [pid 7848:tid 632] AH01909: www.example.com:443:0 server certificate does NOT include an ID which matches the server name
[Thu Jun 24 16:13:31.624456 2021] [core:warn] [pid 7848:tid 632] AH00098: pid file C:/xampp/apache/logs/httpd.pid overwritten -- Unclean shutdown of previous Apache run?
[Thu Jun 24 16:13:31.624456 2021] [ssl:warn] [pid 7848:tid 632] AH01909: www.example.com:443:0 server certificate does NOT include an ID which matches the server name
[Thu Jun 24 16:13:31.655705 2021] [mpm_winnt:notice] [pid 7848:tid 632] AH00455: Apache/2.4.47 (Win64) OpenSSL/1.1.1k PHP/7.3.28 configured -- resuming normal operations
[Thu Jun 24 16:13:31.655705 2021] [mpm_winnt:notice] [pid 7848:tid 632] AH00456: Apache Lounge VC15 Server built: Apr 27 2021 10:59:41
[Thu Jun 24 16:13:31.655705 2021] [core:notice] [pid 7848:tid 632] AH00094: Command line: 'c:\\xampp\\apache\\bin\\httpd.exe -d C:/xampp/apache'
[Thu Jun 24 16:13:31.702581 2021] [mpm_winnt:notice] [pid 7848:tid 632] AH00418: Parent: Created child process 6864
[Thu Jun 24 16:13:32.162142 2021] [ssl:warn] [pid 6864:tid 640] AH01909: www.example.com:443:0 server certificate does NOT include an ID which matches the server name
[Thu Jun 24 16:13:32.240273 2021] [ssl:warn] [pid 6864:tid 640] AH01909: www.example.com:443:0 server certificate does NOT include an ID which matches the server name
[Thu Jun 24 16:13:32.271510 2021] [mpm_winnt:notice] [pid 6864:tid 640] AH00354: Child: Starting 150 worker threads.
[Thu Jun 24 16:17:31.523551 2021] [ssl:warn] [pid 4688:tid 632] AH01909: www.example.com:443:0 server certificate does NOT include an ID which matches the server name
[Thu Jun 24 16:17:31.601681 2021] [core:warn] [pid 4688:tid 632] AH00098: pid file C:/xampp/apache/logs/httpd.pid overwritten -- Unclean shutdown of previous Apache run?
[Thu Jun 24 16:17:31.601681 2021] [ssl:warn] [pid 4688:tid 632] AH01909: www.example.com:443:0 server certificate does NOT include an ID which matches the server name
[Thu Jun 24 16:17:31.633036 2021] [mpm_winnt:notice] [pid 4688:tid 632] AH00455: Apache/2.4.47 (Win64) OpenSSL/1.1.1k PHP/7.3.28 configured -- resuming normal operations
[Thu Jun 24 16:17:31.633036 2021] [mpm_winnt:notice] [pid 4688:tid 632] AH00456: Apache Lounge VC15 Server built: Apr 27 2021 10:59:41
[Thu Jun 24 16:17:31.633036 2021] [core:notice] [pid 4688:tid 632] AH00094: Command line: 'c:\\xampp\\apache\\bin\\httpd.exe -d C:/xampp/apache'
[Thu Jun 24 16:17:31.679803 2021] [mpm_winnt:notice] [pid 4688:tid 632] AH00418: Parent: Created child process 3272
[Thu Jun 24 16:17:32.101678 2021] [ssl:warn] [pid 3272:tid 640] AH01909: www.example.com:443:0 server certificate does NOT include an ID which matches the server name
[Thu Jun 24 16:17:32.164181 2021] [ssl:warn] [pid 3272:tid 640] AH01909: www.example.com:443:0 server certificate does NOT include an ID which matches the server name
[Thu Jun 24 16:17:32.195431 2021] [mpm_winnt:notice] [pid 3272:tid 640] AH00354: Child: Starting 150 worker threads.
[Thu Jun 24 16:18:45.374162 2021] [ssl:emerg] [pid 4908:tid 632] AH02565: Certificate and private key www.example.com:443:0 from C:/xampp/apache/conf/ssl.crt/server.crt and C:/xampp/apache/conf/ssl.key/server.key do not match
AH00016: Configuration Failed
[Thu Jun 24 16:18:51.887457 2021] [ssl:emerg] [pid 6632:tid 632] AH02565: Certificate and private key www.example.com:443:0 from C:/xampp/apache/conf/ssl.crt/server.crt and C:/xampp/apache/conf/ssl.key/server.key do not match
AH00016: Configuration Failed
[Thu Jun 24 16:19:01.233337 2021] [ssl:warn] [pid 8260:tid 632] AH01909: www.example.com:443:0 server certificate does NOT include an ID which matches the server name
[Thu Jun 24 16:19:01.295837 2021] [core:warn] [pid 8260:tid 632] AH00098: pid file C:/xampp/apache/logs/httpd.pid overwritten -- Unclean shutdown of previous Apache run?
[Thu Jun 24 16:19:01.311462 2021] [ssl:warn] [pid 8260:tid 632] AH01909: www.example.com:443:0 server certificate does NOT include an ID which matches the server name
[Thu Jun 24 16:19:01.327087 2021] [mpm_winnt:notice] [pid 8260:tid 632] AH00455: Apache/2.4.47 (Win64) OpenSSL/1.1.1k PHP/7.3.28 configured -- resuming normal operations
[Thu Jun 24 16:19:01.327087 2021] [mpm_winnt:notice] [pid 8260:tid 632] AH00456: Apache Lounge VC15 Server built: Apr 27 2021 10:59:41
[Thu Jun 24 16:19:01.327087 2021] [core:notice] [pid 8260:tid 632] AH00094: Command line: 'c:\\xampp\\apache\\bin\\httpd.exe -d C:/xampp/apache'
[Thu Jun 24 16:19:01.373967 2021] [mpm_winnt:notice] [pid 8260:tid 632] AH00418: Parent: Created child process 1448
[Thu Jun 24 16:19:01.842724 2021] [ssl:warn] [pid 1448:tid 640] AH01909: www.example.com:443:0 server certificate does NOT include an ID which matches the server name
[Thu Jun 24 16:19:01.905225 2021] [ssl:warn] [pid 1448:tid 640] AH01909: www.example.com:443:0 server certificate does NOT include an ID which matches the server name
[Thu Jun 24 16:19:01.936462 2021] [mpm_winnt:notice] [pid 1448:tid 640] AH00354: Child: Starting 150 worker threads.
[Thu Jun 24 16:38:16.850494 2021] [core:warn] [pid 7304:tid 572] AH00098: pid file C:/xampp/apache/logs/httpd.pid overwritten -- Unclean shutdown of previous Apache run?
[Thu Jun 24 16:38:16.897368 2021] [mpm_winnt:notice] [pid 7304:tid 572] AH00455: Apache/2.4.47 (Win64) OpenSSL/1.1.1k PHP/7.3.28 configured -- resuming normal operations
[Thu Jun 24 16:38:16.897368 2021] [mpm_winnt:notice] [pid 7304:tid 572] AH00456: Apache Lounge VC15 Server built: Apr 27 2021 10:59:41
[Thu Jun 24 16:38:16.897368 2021] [core:notice] [pid 7304:tid 572] AH00094: Command line: 'c:\\xampp\\apache\\bin\\httpd.exe -d C:/xampp/apache'
[Thu Jun 24 16:38:16.959876 2021] [mpm_winnt:notice] [pid 7304:tid 572] AH00418: Parent: Created child process 8732
[Thu Jun 24 16:38:17.537996 2021] [mpm_winnt:notice] [pid 8732:tid 712] AH00354: Child: Starting 150 worker threads.
[Thu Jun 24 16:41:54.112455 2021] [core:warn] [pid 9176:tid 572] AH00098: pid file C:/xampp/apache/logs/httpd.pid overwritten -- Unclean shutdown of previous Apache run?
[Thu Jun 24 16:41:54.159329 2021] [mpm_winnt:notice] [pid 9176:tid 572] AH00455: Apache/2.4.47 (Win64) OpenSSL/1.1.1k PHP/7.3.28 configured -- resuming normal operations
[Thu Jun 24 16:41:54.159329 2021] [mpm_winnt:notice] [pid 9176:tid 572] AH00456: Apache Lounge VC15 Server built: Apr 27 2021 10:59:41
[Thu Jun 24 16:41:54.159329 2021] [core:notice] [pid 9176:tid 572] AH00094: Command line: 'c:\\xampp\\apache\\bin\\httpd.exe -d C:/xampp/apache'
[Thu Jun 24 16:41:54.221830 2021] [mpm_winnt:notice] [pid 9176:tid 572] AH00418: Parent: Created child process 1324
[Thu Jun 24 16:41:54.815577 2021] [mpm_winnt:notice] [pid 1324:tid 712] AH00354: Child: Starting 150 worker threads.
[Thu Jun 24 16:44:07.318099 2021] [core:warn] [pid 4316:tid 572] AH00098: pid file C:/xampp/apache/logs/httpd.pid overwritten -- Unclean shutdown of previous Apache run?
[Thu Jun 24 16:44:07.411851 2021] [mpm_winnt:notice] [pid 4316:tid 572] AH00455: Apache/2.4.47 (Win64) OpenSSL/1.1.1k PHP/7.3.28 configured -- resuming normal operations
[Thu Jun 24 16:44:07.411851 2021] [mpm_winnt:notice] [pid 4316:tid 572] AH00456: Apache Lounge VC15 Server built: Apr 27 2021 10:59:41
[Thu Jun 24 16:44:07.411851 2021] [core:notice] [pid 4316:tid 572] AH00094: Command line: 'c:\\xampp\\apache\\bin\\httpd.exe -d C:/xampp/apache'
[Thu Jun 24 16:44:07.505620 2021] [mpm_winnt:notice] [pid 4316:tid 572] AH00418: Parent: Created child process 5776
[Thu Jun 24 16:44:08.208726 2021] [mpm_winnt:notice] [pid 5776:tid 712] AH00354: Child: Starting 150 worker threads.
[Thu Jun 24 16:48:20.397967 2021] [core:warn] [pid 3608:tid 572] AH00098: pid file C:/xampp/apache/logs/httpd.pid overwritten -- Unclean shutdown of previous Apache run?
[Thu Jun 24 16:48:20.444303 2021] [mpm_winnt:notice] [pid 3608:tid 572] AH00455: Apache/2.4.47 (Win64) OpenSSL/1.1.1k PHP/7.3.28 configured -- resuming normal operations
[Thu Jun 24 16:48:20.444303 2021] [mpm_winnt:notice] [pid 3608:tid 572] AH00456: Apache Lounge VC15 Server built: Apr 27 2021 10:59:41
[Thu Jun 24 16:48:20.444303 2021] [core:notice] [pid 3608:tid 572] AH00094: Command line: 'c:\\xampp\\apache\\bin\\httpd.exe -d C:/xampp/apache'
[Thu Jun 24 16:48:20.506803 2021] [mpm_winnt:notice] [pid 3608:tid 572] AH00418: Parent: Created child process 8320
[Thu Jun 24 16:48:20.975555 2021] [mpm_winnt:notice] [pid 8320:tid 712] AH00354: Child: Starting 150 worker threads.
[Fri Jun 25 08:53:14.949273 2021] [authz_core:error] [pid 8320:tid 1912] [client 10.30.255.254:29442] AH01630: client denied by server configuration: C:/xampp/htdocs/inventaris/public/.env
[Fri Jun 25 09:41:30.978869 2021] [core:warn] [pid 276:tid 572] AH00098: pid file C:/xampp/apache/logs/httpd.pid overwritten -- Unclean shutdown of previous Apache run?
[Fri Jun 25 09:41:31.072619 2021] [mpm_winnt:notice] [pid 276:tid 572] AH00455: Apache/2.4.47 (Win64) OpenSSL/1.1.1k PHP/7.3.28 configured -- resuming normal operations
[Fri Jun 25 09:41:31.072619 2021] [mpm_winnt:notice] [pid 276:tid 572] AH00456: Apache Lounge VC15 Server built: Apr 27 2021 10:59:41
[Fri Jun 25 09:41:31.072619 2021] [core:notice] [pid 276:tid 572] AH00094: Command line: 'c:\\xampp\\apache\\bin\\httpd.exe -d C:/xampp/apache'
[Fri Jun 25 09:41:31.103877 2021] [mpm_winnt:notice] [pid 276:tid 572] AH00418: Parent: Created child process 168
[Fri Jun 25 09:41:31.619497 2021] [mpm_winnt:notice] [pid 168:tid 712] AH00354: Child: Starting 150 worker threads.
[Fri Jun 25 09:42:10.292104 2021] [core:warn] [pid 4032:tid 572] AH00098: pid file C:/xampp/apache/logs/httpd.pid overwritten -- Unclean shutdown of previous Apache run?
[Fri Jun 25 09:42:10.338977 2021] [mpm_winnt:notice] [pid 4032:tid 572] AH00455: Apache/2.4.47 (Win64) OpenSSL/1.1.1k PHP/7.3.28 configured -- resuming normal operations
[Fri Jun 25 09:42:10.338977 2021] [mpm_winnt:notice] [pid 4032:tid 572] AH00456: Apache Lounge VC15 Server built: Apr 27 2021 10:59:41
[Fri Jun 25 09:42:10.338977 2021] [core:notice] [pid 4032:tid 572] AH00094: Command line: 'c:\\xampp\\apache\\bin\\httpd.exe -d C:/xampp/apache'
[Fri Jun 25 09:42:10.354614 2021] [mpm_winnt:notice] [pid 4032:tid 572] AH00418: Parent: Created child process 6384
[Fri Jun 25 09:42:10.885852 2021] [mpm_winnt:notice] [pid 6384:tid 712] AH00354: Child: Starting 150 worker threads.
libpng warning: iCCP: known incorrect sRGB profile
libpng warning: iCCP: cHRM chunk does not match sRGB
libpng warning: iCCP: known incorrect sRGB profile
libpng warning: iCCP: known incorrect sRGB profile
libpng warning: iCCP: cHRM chunk does not match sRGB
libpng warning: iCCP: known incorrect sRGB profile
libpng warning: iCCP: known incorrect sRGB profile
libpng warning: iCCP: cHRM chunk does not match sRGB
libpng warning: iCCP: known incorrect sRGB profile
